Started by user [8mha:////4L+noxC24vLOEmp/5R3lZ6qf7H+Xipv7LZhL2+qdXpRvAAAAlx+LCAAAAAAAAP9b85aBtbiIQTGjNKU4P08vOT+vOD8nVc83PyU1x6OyILUoJzMv2y+/JJUBAhiZGBgqihhk0NSjKDWzXb3RdlLBUSYGJk8GtpzUvPSSDB8G5tKinBIGIZ+sxLJE/ZzEvHT94JKizLx0a6BxUmjGOUNodHsLgAzuEgZu/dLi1CL9xJTczDwA+rnvwMAAAAA=[0mNastia Kvas
Restarted from build #11, stage Run app
[8mha:////4AO+DLb3P7YjXb52QJ81qkicAnqzdLry/xfC7oQ6PafsAAAAhB+LCAAAAAAAAP9b85aBtbiIwSa/KF0vKzUvOzOvODlTryCnNB3I0kvPLMkoTYpPKkrMS86IL84vLUpO1XPPLPEoTXLOzyvOz0n1yy9JZYAARiYGRi8GzpLM3NTiksTcgooiBqmM0pTi/Dy9ZIhiPayaGCoKgHT213WxyQDX4Dl2jgAAAA==[0mConnecting to https://api.github.com using admin/****** (GitHub Access Token)
Obtained Jenkinsfile from bb26d5245aaf8b7f94cf978640082d80b90e2b50
Running in Durability level: MAX_SURVIVABILITY
[8mha:////4IuMTAhf9mr5xq5mjMPgQ8LbiR4Y+a3UiA4NGZm3mxP4AAAAoh+LCAAAAAAAAP9tjTEOwjAQBM8BClpKHuFItIiK1krDC0x8GCfWnbEdkooX8TX+gCESFVvtrLSa5wtWKcKBo5UdUu8otU4GP9jS5Mixv3geZcdn2TIl9igbHBs2eJyx4YwwR1SwULBGaj0nRzbDRnX6rmuvydanHMu2V1A5c4MHCFXMWcf8hSnC9jqYxPTz/BXAFEIGsfuclm8zQVqFvQAAAA==[0m[Pipeline] Start of Pipeline
[8mha:////4G3p1hVC/FAk/mt4B45If/on2QW2E0pBEzUaXokiT5niAAAApR+LCAAAAAAAAP9tjTEOwjAUQ3+KOrAycohUghExsUZZOEFIQkgb/d8mKe3EibgadyBQiQlLlmxL1nu+oE4RjhQdby12HpP2vA+jK4lPFLtroIm3dOGaMFGwXNpJkrGnpUrKFhaxClYC1hZ1oOTRZdiIVt1VExS65pxj2Q4CKm8GeAAThZxVzN8yR9jeRpMIf5y/AJj7DGxXvP/86jduZBmjwAAAAA==[0m[Pipeline] node
Running on [8mha:////4B+bNNmqJK4u4UiL3ICCwqvCy1C8iWPztxSbN1KaOVx8AAAAph+LCAAAAAAAAP9b85aBtbiIQTGjNKU4P08vOT+vOD8nVc83PyU1x6OyILUoJzMv2y+/JJUBAhiZGBgqihhk0NSjKDWzXb3RdlLBUSYGJk8GtpzUvPSSDB8G5tKinBIGIZ+sxLJE/ZzEvHT94JKizLx0a6BxUmjGOUNodHsLgAzeEgYp/eT83ILSktQi/azUvOzMvGJVI4PinMSyVH0A17qCMM8AAAA=[0mjenkins slave in /home/jenkins/workspace/training-ci_jenkins
[8mha:////4LLHOPhlKbWi3YaZe9fQSs19NYfgNMDmWVNAKFhvcN9gAAAApR+LCAAAAAAAAP9tjTEOwjAUQ3+KOrAycoh0gA0xsUZZOEFIQkgb/d8mKe3EibgadyBQiQlLlmxL1nu+oE4RjhQdby12HpP2vA+jK4lPFLtroIm3dOGaMFGwXNpJkrGnpUrKFhaxClYC1hZ1oOTRZdiIVt1VExS65pxj2Q4CKm8GeAAThZxVzN8yR9jeRpMIf5y/AJj7DGxXvP/86jfoP95RwAAAAA==[0m[Pipeline] {
[8mha:////4I6yzlDrO8y6L2PTUYbmUzzklLfuVPbvhXNeK9bUzn7YAAAApR+LCAAAAAAAAP9tjTEOwjAUQ3+KOrAycoh0gQkxsUZZOEFIQkgb/d8mKe3EibgadyBQiQlLlmxL1nu+oE4RjhQdby12HpP2vA+jK4lPFLtroIm3dOGaMFGwXNpJkrGnpUrKFhaxClYC1hZ1oOTRZdiIVt1VExS65pxj2Q4CKm8GeAAThZxVzN8yR9jeRpMIf5y/AJj7DGxXvP/86jc09154wAAAAA==[0m[Pipeline] stage
[8mha:////4OtNLEijilyegG4vj/4wcg3lQZB+pBytGox0v8vqXF5WAAAApR+LCAAAAAAAAP9tjTEOwjAUQ3+KOrAycoh0ggUxsUZZOEFIQkgb/d8mKe3EibgadyBQiQlLlmxL1nu+oE4RjhQdby12HpP2vA+jK4lPFLtroIm3dOGaMFGwXNpJkrGnpUrKFhaxClYC1hZ1oOTRZdiIVt1VExS65pxj2Q4CKm8GeAAThZxVzN8yR9jeRpMIf5y/AJj7DGxXvP/86jek7ggRwAAAAA==[0m[Pipeline] { (Declarative: Checkout SCM)
[8mha:////4Ly7DYH+8WVUTZ+f32TUiwIjQBb3zyb8DrwO1MTfoi55AAAAoh+LCAAAAAAAAP9tjTEOAiEURD9rLGwtPQTbaWGsbAmNJ0AWEZb8zwLrbuWJvJp3kLiJlZNMMm+a93rDOic4UbLcG+wdZu14DKOti0+U+lugiXu6ck2YKRguzSSpM+cFJRUDS1gDKwEbgzpQdmgLbIVXD9UGhba9lFS/o4DGdQM8gYlqLiqVL8wJdvexy4Q/z18BzLEA29ce4gfg7KmOvAAAAA==[0m[Pipeline] checkout
using credential github
Fetching changes from the remote Git repository
Cleaning workspace
Fetching without tags
Checking out Revision bb26d5245aaf8b7f94cf978640082d80b90e2b50 (jenkins)
 > git rev-parse --is-inside-work-tree # timeout=10
 > git config remote.origin.url https://github.com/Zolotovoloska/training-ci.git # timeout=10
 > git rev-parse --verify HEAD # timeout=10
Resetting working tree
 > git reset --hard # timeout=10
 > git clean -fdx # timeout=10
Fetching upstream changes from https://github.com/Zolotovoloska/training-ci.git
 > git --version # timeout=10
using GIT_ASKPASS to set credentials GitHub Access Token
 > git fetch --no-tags --progress https://github.com/Zolotovoloska/training-ci.git +refs/heads/jenkins:refs/remotes/origin/jenkins
Commit message: "Added Jenkinsfile"
 > git config core.sparsecheckout # timeout=10
 > git checkout -f bb26d5245aaf8b7f94cf978640082d80b90e2b50
 > git branch -a -v --no-abbrev # timeout=10
 > git branch -D jenkins # timeout=10
 > git checkout -b jenkins bb26d5245aaf8b7f94cf978640082d80b90e2b50
 > git rev-list --no-walk bb26d5245aaf8b7f94cf978640082d80b90e2b50 # timeout=10
Cleaning workspace
[8mha:////4ELuRF7Hn5dLKImSGrkTcer6hk+xELVINOvje1ggLWCgAAAAoh+LCAAAAAAAAP9tjTEOAiEURD9rLGwtPQTbGRNjZUtoPAGyiLDkfxZYdytP5NW8g8RNrJxkknnTvNcb1jnBiZLl3mDvMGvHYxhtXXyi1N8CTdzTlWvCTMFwaSZJnTkvKKkYWMIaWAnYGNSBskNbYCu8eqg2KLTtpaT6HQU0rhvgCUxUc1GpfGFOsLuPXSb8ef4KYI6xADvU7j9Dg2gqvAAAAA==[0m[Pipeline] }
 > git rev-parse --verify HEAD # timeout=10
Resetting working tree
 > git reset --hard # timeout=10
 > git clean -fdx # timeout=10
[8mha:////4LLjOIpmLCrmul3VNeCXJGZQ1goZIiuwIx1JbdYhbmtOAAAAoh+LCAAAAAAAAP9tjTEOAiEURD9rLGwtPQRbWRhjZUtoPAGyiLDkfxZYdytP5NW8g8RNrJxkknnTvNcb1jnBiZLl3mDvMGvHYxhtXXyi1N8CTdzTlWvCTMFwaSZJnTkvKKkYWMIaWAnYGNSBskNbYCu8eqg2KLTtpaT6HQU0rhvgCUxUc1GpfGFOsLuPXSb8ef4KYI6xADvU7j9J+wGOvAAAAA==[0m[Pipeline] // stage
[8mha:////4KgOo7U5UtxJfNzJ9Sx+dBi+jJYZMnA1uy9v3EPNLAhaAAAAph+LCAAAAAAAAP9tjTEOwjAQBM9BKWgpeYQDEh2iorXc8AITG+PEugv2haTiRXyNPxCIRMVWOyut5vmCMic4UPKycdgGzHWQXez91ORAqb1EGmRDZ1kTZopOajdosu44oyZ2MEcUsFCwdFhHygE9w0o15m6qaNBXJ07TtldQBHuDBwg1mdkk/sKYYH3tbSb8ef4KYOwYxI6h2G4+x/INtuQqUcEAAAA=[0m[Pipeline] withEnv
[8mha:////4DlSag++5zRaUJWgNIpoIpFTw1yripLuSILrotPhZ42SAAAApR+LCAAAAAAAAP9tjTEOwjAUQ3+DOrAycoiUzoiJNerCCUITQtLo/zZJSSdOxNW4Ay2VmPBg2Zas93pDGQOcKBjuNHYWY2t570czJ54pdDdPmTu68pYwkte80bkhpc9rbShpWFUw2AjYamw9RYsmwU44+ZCVl2iqSwrzdhTArBrgCYWYyUmG9C1TgP19VJHwx/kLgKlPwOrDYvXyLD8BobDcwgAAAA==[0m[Pipeline] {
[8mha:////4FxXHZg1fUFR4XpXFJIYPwSmn8WmPlvhOCGXMj7HTSxbAAAAph+LCAAAAAAAAP9tjTEOwjAUQ3+LOrAycohUZUVMrFEWThCaEJJG/7dJSjpxIq7GHWipxIQHy7ZkvdcbqhjgRMEwp7GzGFvLej+aObFMobt5yszRlbWEkbxmQmdBSp/XKihpWFWUsOGw1dh6ihZNgh138iFrL9HUlxTm7cihtGqAJxR8JicZ0rdMAfb3UUXCH+cvAKY+Qdk0ix2WZ/UBbwyqm8IAAAA=[0m[Pipeline] stage
[8mha:////4ECrpSKtczavtx7ZQxygHo118lgTEF4GTCwkDioxPfJzAAAAph+LCAAAAAAAAP9tjTEOwjAUQ3+LOrAycohUwIiYukZZOEFoQkgb/V9+UtqJE3E17kBLJSY8WLYl673eUESGE7ETjcXWY6y96ELvpiQG4vYaaBANXURNGClYoeygyNhqqYqShUVZDisJa4t1oOjRJdjIRj90GTS68px42o4Scm/u8IRMTuSkOX3LyLC99SYS/jh/ATB2CfLdfrbD/Cw+y7kUycIAAAA=[0m[Pipeline] { (Echo some text)
Stage "Echo some text" skipped due to this build restarting at stage "Run app"
[8mha:////4EeBxBJPvgKIWP14rDscRdAryQWvL3xs8ssq2mb5mKdSAAAApB+LCAAAAAAAAP9tjTEOwjAQBC9BFLSUPOIiBB2iSmu54QUmNsaJdWdsh6TiRXyNPxCIRMUWq51t5vmCZYpw5GixNdQ5So3D4Hs7LRw4dhfPA7Z8xoYpsTcozSBZm3pGydnAnKKEhYCVocZzcmQzrEWr7qryimx1ynH6DgJKp2/wgEJM5qxi/sIYYXPtdWL6ef4KYAwhQ7ndf2r3BhW0chS+AAAA[0m[Pipeline] }
[8mha:////4KFzzwZWmBUd+tHFg1TSy0U/+HOiqnjOlebacnuNwkjgAAAApB+LCAAAAAAAAP9tjTEOwjAQBC9BFLSUPOIikKgQVVrLDS8wsTFOrDtjOyQVL+Jr/IFAJCq2WO1sM88XLFOEI0eLraHOUWocBt/baeHAsbt4HrDlMzZMib1BaQbJ2tQzSs4G5hQlLASsDDWekyObYS1adVeVV2SrU47TdxBQOn2DBxRiMmcV8xfGCJtrrxPTz/NXAGMIGcrt/lO7NyZXKai+AAAA[0m[Pipeline] // stage
[8mha:////4I612IoPorwqgV3L4CQvfPw2IwdqcWQS0KBNWLJfeha8AAAApx+LCAAAAAAAAP9tjTEOwjAUQ3+LOrAycohUXVgQE2uUhROEJoSk0f9tkpJOnIircQdaKjHhwbItWe/1hioGOFEwzGnsLMbWst6PZk4sU+hunjJzdGUtYSSvmdBZkNLntQpKGlYVJWw4bDW2nqJFk2DHnXzI2ks09SWFeTtyKK0a4AkFn8lJhvQtU4D9fVSR8Mf5C4CpT1A2zWKH5Vl9AHlOOwDCAAAA[0m[Pipeline] stage
[8mha:////4LiL1HmeqIHIoJ2YqxYao2oaUnFMxQL0tP8sBb12yvKeAAAApx+LCAAAAAAAAP9tjTEOwjAUQ3+LOrAycohULDAgpq5RFk4QmhDSRv+Xn5R24kRcjTvQUokJD5ZtyXqvNxSR4UTsRGOx9RhrL7rQuymJgbi9BhpEQxdRE0YKVig7KDK2WqqiZGFRlsNKwtpiHSh6dAk2stEPXQaNrjwnnrajhNybOzwhkxM5aU7fMjJsb72JhD/OXwCMXYJ8t5/tMD+LD1+IXOLCAAAA[0m[Pipeline] { (Git Checkout /Git)
Stage "Git Checkout /Git" skipped due to this build restarting at stage "Run app"
[8mha:////4DjLtMok/va70FatFu9H9ZzyEXqHqayXxAG2M7xzIO2QAAAApB+LCAAAAAAAAP9tjTEOwjAQBC9BFLSUPOIiKpAQVVrLDS8wsTFOrDtjOyQVL+Jr/IFAJCq2WO1sM88XLFOEI0eLraHOUWocBt/baeHAsbt4HrDlMzZMib1BaQbJ2tQzSs4G5hQlLASsDDWekyObYS1adVeVV2SrU47TdxBQOn2DBxRiMmcV8xfGCJtrrxPTz/NXAGMIGcrt/lO7N3ew3WS+AAAA[0m[Pipeline] }
[8mha:////4JR9PFNFpAGWco/sKwPutw0/D5oDRRzWHHgNSd5sH851AAAApR+LCAAAAAAAAP9tjTEOwjAQBC9BFLSUPOIiGiSEqNJabniBiY1xYt0Z2yGpeBFf4w8EIlGxxWpnm3m+YJkiHDlabA11jlLjMPjeTgsHjt3F84Atn7FhSuwNSjNI1qaeUXI2MKcoYSFgZajxnBzZDGvRqruqvCJbnXKcvoOA0ukbPKAQkzmrmL8wRthce52Yfp6/AhhDyFBu95/avQFEU4bYvgAAAA==[0m[Pipeline] // stage
[8mha:////4Pb2z2Iju9K65pOpRd+T1WVauJdwqRnkgewCLx+BhqLoAAAAph+LCAAAAAAAAP9tjTEOwjAUQ3+LOrAycoiUsiKmrlEWThCSENJG/5ckpZ04EVfjDgQqMeHBsi1Z7/mCKgY4UrCsM9g7jMqxwY82JzZR6C+eJtbRmSnCSN4wYSZB2rRLFZQMLCpKWHFYG1SeokObYMM7eZe1l2jrUwp5O3Aonb7BAwqeyUmG9C1zgO111JHwx/kLgHlIUDZNtv3u86ze+beK58IAAAA=[0m[Pipeline] stage
[8mha:////4MhnbPWQEdWKYmZtNIy5gTuGhBOX4yPox+zCmmZEof+6AAAAph+LCAAAAAAAAP9tjTEOwjAUQ3+LOrAycogUWBFT1ygLJwhNCGmj/8tPSjtxIq7GHWipxIQHy7ZkvdcbishwInaisdh6jLUXXejdlMRA3F4DDaKhi6gJIwUrlB0UGVstVVGysCjLYSVhbbEOFD26BBvZ6Icug0ZXnhNP21FC7s0dnpDJiZw0p28ZGba33kTCH+cvAMYuQX7Yzbafn8UHbGnGmsIAAAA=[0m[Pipeline] { (Run app)
[8mha:////4GYiPMXo5lXYzLP6I+IrO6WOkA5CsIxigNCCvGSAtomzAAAAph+LCAAAAAAAAP9tjTEOwjAUQ3+DOrAycohUdEVMrFEXThCaEJJG/7dJSjpxIq7GHWipxIQHy7ZkvdcbyhjgRMFwp7GzGFvLez+aOfFMobt5ytzRlbeEkbzmjc4NKX1ea0NJw6qCwUbAVmPrKVo0CXbCyYesvERTXVKYt6MAZtUATyjETE4ypG+ZAuzvo4qEP85fAEx9AlYfFquXZ/kBAsTc3cIAAAA=[0m[Pipeline] dir
Running in /home/jenkins/workspace/training-ci_jenkins/flask-app
[8mha:////4L+uxXm24GCk39tGZbVOU/1RH7b+JxKx0hMbrNhnJTZFAAAAph+LCAAAAAAAAP9tjTEOwjAUQ3+LOrAycohUKiNiYo2ycILQhJA0+r9NUtKJE3E17kBLJSY8WLYl673eUMUAJwqGOY2dxdha1vvRzIllCt3NU2aOrqwljOQ1EzoLUvq8VkFJw6qihA2HrcbWU7RoEuy4kw9Ze4mmvqQwb0cOpVUDPKHgMznJkL5lCrC/jyoS/jh/ATD1CcqmWeywPKsPpnFij8IAAAA=[0m[Pipeline] {
[8mha:////4EhAaLxxt3AxWLEBpp74JTTi34UTZYUfze5KRUsB+c0AAAAApB+LCAAAAAAAAP9tjTEOwjAQBC9BFLSUPOIiAR2iSmu54QUmNsaJdWdsh6TiRXyNPxCIRMUWq51t5vmCZYpw5GixNdQ5So3D4Hs7LRw4dhfPA7Z8xoYpsTcozSBZm3pGydnAnKKEhYCVocZzcmQzrEWr7qryimx1ynH6DgJKp2/wgEJM5qxi/sIYYXPtdWL6ef4KYAwZyu3uU/vwBrANZ3i+AAAA[0m[Pipeline] sh
+ docker-compose up -d --build
Building flask-db
Step 1/5 : FROM mysql:5.7
 ---> a1aa4f76fab9
Step 2/5 : LABEL maintainer="Pavlo Bornia"
 ---> Using cache
 ---> afb7193c4ad6
Step 3/5 : ENV MYSQL_DATABASE='db'
 ---> Using cache
 ---> d995cfe5a429
Step 4/5 : EXPOSE 3306
 ---> Using cache
 ---> 12df90175d45
Step 5/5 : CMD ["mysqld"]
 ---> Using cache
 ---> f572cd653b42
Successfully built f572cd653b42
Successfully tagged flask-app_flask-db:latest
Building flask-app
Step 1/6 : FROM python:2.7
 ---> 3edf9092825f
Step 2/6 : COPY . /var/opt
 ---> Using cache
 ---> 3d908b286915
Step 3/6 : WORKDIR /var/opt
 ---> Using cache
 ---> 6b90602c6e76
Step 4/6 : RUN pip install -r requirements.txt     && mkdir -p /var/opt/junit-report
 ---> Running in 75008e79ed37
[91mDEPRECATION: Python 2.7 will reach the end of its life on January 1st, 2020. Please upgrade your Python as Python 2.7 won't be maintained after that date. A future version of pip will drop support for Python 2.7.
[0mCollecting flask (from -r requirements.txt (line 1))
  Downloading https://files.pythonhosted.org/packages/9b/93/628509b8d5dc749656a9641f4caf13540e2cdec85276964ff8f43bbb1d3b/Flask-1.1.1-py2.py3-none-any.whl (94kB)
Collecting flask-sqlalchemy (from -r requirements.txt (line 2))
  Downloading https://files.pythonhosted.org/packages/08/ca/582442cad71504a1514a2f053006c8bb128844133d6076a4df17117545fa/Flask_SQLAlchemy-2.4.0-py2.py3-none-any.whl
Collecting mysql-python (from -r requirements.txt (line 3))
  Downloading https://files.pythonhosted.org/packages/a5/e9/51b544da85a36a68debe7a7091f068d802fc515a3a202652828c73453cad/MySQL-python-1.2.5.zip (108kB)
Collecting pytest (from -r requirements.txt (line 4))
  Downloading https://files.pythonhosted.org/packages/8c/6f/4db6124788e9b281d94693e21e5a40d00f417763dcda10edc8a70655cb92/pytest-4.6.4-py2.py3-none-any.whl (229kB)
Collecting Redis (from -r requirements.txt (line 5))
  Downloading https://files.pythonhosted.org/packages/ac/a7/cff10cc5f1180834a3ed564d148fb4329c989cbb1f2e196fc9a10fa07072/redis-3.2.1-py2.py3-none-any.whl (65kB)
Collecting click>=5.1 (from flask->-r requirements.txt (line 1))
  Downloading https://files.pythonhosted.org/packages/fa/37/45185cb5abbc30d7257104c434fe0b07e5a195a6847506c074527aa599ec/Click-7.0-py2.py3-none-any.whl (81kB)
Collecting Werkzeug>=0.15 (from flask->-r requirements.txt (line 1))
  Downloading https://files.pythonhosted.org/packages/9f/57/92a497e38161ce40606c27a86759c6b92dd34fcdb33f64171ec559257c02/Werkzeug-0.15.4-py2.py3-none-any.whl (327kB)
Collecting itsdangerous>=0.24 (from flask->-r requirements.txt (line 1))
  Downloading https://files.pythonhosted.org/packages/76/ae/44b03b253d6fade317f32c24d100b3b35c2239807046a4c953c7b89fa49e/itsdangerous-1.1.0-py2.py3-none-any.whl
Collecting Jinja2>=2.10.1 (from flask->-r requirements.txt (line 1))
  Downloading https://files.pythonhosted.org/packages/1d/e7/fd8b501e7a6dfe492a433deb7b9d833d39ca74916fa8bc63dd1a4947a671/Jinja2-2.10.1-py2.py3-none-any.whl (124kB)
Collecting SQLAlchemy>=0.8.0 (from flask-sqlalchemy->-r requirements.txt (line 2))
  Downloading https://files.pythonhosted.org/packages/62/3c/9dda60fd99dbdcbc6312c799a3ec9a261f95bc12f2874a35818f04db2dd9/SQLAlchemy-1.3.5.tar.gz (5.9MB)
Collecting funcsigs>=1.0; python_version < "3.0" (from pytest->-r requirements.txt (line 4))
  Downloading https://files.pythonhosted.org/packages/69/cb/f5be453359271714c01b9bd06126eaf2e368f1fddfff30818754b5ac2328/funcsigs-1.0.2-py2.py3-none-any.whl
Collecting py>=1.5.0 (from pytest->-r requirements.txt (line 4))
  Downloading https://files.pythonhosted.org/packages/76/bc/394ad449851729244a97857ee14d7cba61ddb268dce3db538ba2f2ba1f0f/py-1.8.0-py2.py3-none-any.whl (83kB)
Collecting packaging (from pytest->-r requirements.txt (line 4))
  Downloading https://files.pythonhosted.org/packages/91/32/58bc30e646e55eab8b21abf89e353f59c0cc02c417e42929f4a9546e1b1d/packaging-19.0-py2.py3-none-any.whl
Collecting importlib-metadata>=0.12 (from pytest->-r requirements.txt (line 4))
  Downloading https://files.pythonhosted.org/packages/bd/23/dce4879ec58acf3959580bfe769926ed8198727250c5e395e6785c764a02/importlib_metadata-0.18-py2.py3-none-any.whl
Collecting pluggy<1.0,>=0.12 (from pytest->-r requirements.txt (line 4))
  Downloading https://files.pythonhosted.org/packages/06/ee/de89e0582276e3551df3110088bf20844de2b0e7df2748406876cc78e021/pluggy-0.12.0-py2.py3-none-any.whl
Collecting six>=1.10.0 (from pytest->-r requirements.txt (line 4))
  Downloading https://files.pythonhosted.org/packages/73/fb/00a976f728d0d1fecfe898238ce23f502a721c0ac0ecfedb80e0d88c64e9/six-1.12.0-py2.py3-none-any.whl
Collecting pathlib2>=2.2.0; python_version < "3.6" (from pytest->-r requirements.txt (line 4))
  Downloading https://files.pythonhosted.org/packages/67/c6/4dbf5dfdbe1140cadf765c3896acc098578626c35721bc7d3eb35f6a8fc1/pathlib2-2.3.4-py2.py3-none-any.whl
Collecting atomicwrites>=1.0 (from pytest->-r requirements.txt (line 4))
  Downloading https://files.pythonhosted.org/packages/52/90/6155aa926f43f2b2a22b01be7241be3bfd1ceaf7d0b3267213e8127d41f4/atomicwrites-1.3.0-py2.py3-none-any.whl
Collecting wcwidth (from pytest->-r requirements.txt (line 4))
  Downloading https://files.pythonhosted.org/packages/7e/9f/526a6947247599b084ee5232e4f9190a38f398d7300d866af3ab571a5bfe/wcwidth-0.1.7-py2.py3-none-any.whl
Collecting more-itertools<6.0.0,>=4.0.0; python_version <= "2.7" (from pytest->-r requirements.txt (line 4))
  Downloading https://files.pythonhosted.org/packages/2f/9d/dcfe59e213093695f108508af1214cf9cd95cc5489e46877ec5cb56369e5/more_itertools-5.0.0-py2-none-any.whl (52kB)
Collecting attrs>=17.4.0 (from pytest->-r requirements.txt (line 4))
  Downloading https://files.pythonhosted.org/packages/23/96/d828354fa2dbdf216eaa7b7de0db692f12c234f7ef888cc14980ef40d1d2/attrs-19.1.0-py2.py3-none-any.whl
Collecting MarkupSafe>=0.23 (from Jinja2>=2.10.1->flask->-r requirements.txt (line 1))
  Downloading https://files.pythonhosted.org/packages/fb/40/f3adb7cf24a8012813c5edb20329eb22d5d8e2a0ecf73d21d6b85865da11/MarkupSafe-1.1.1-cp27-cp27mu-manylinux1_x86_64.whl
Collecting pyparsing>=2.0.2 (from packaging->pytest->-r requirements.txt (line 4))
  Downloading https://files.pythonhosted.org/packages/dd/d9/3ec19e966301a6e25769976999bd7bbe552016f0d32b577dc9d63d2e0c49/pyparsing-2.4.0-py2.py3-none-any.whl (62kB)
Collecting zipp>=0.5 (from importlib-metadata>=0.12->pytest->-r requirements.txt (line 4))
  Downloading https://files.pythonhosted.org/packages/da/bd/1a5fdf15aa44231fd09f63ecf175b60f057ae37ec65b343bb009364923f3/zipp-0.5.2-py2.py3-none-any.whl
Collecting configparser>=3.5; python_version < "3" (from importlib-metadata>=0.12->pytest->-r requirements.txt (line 4))
  Downloading https://files.pythonhosted.org/packages/ba/05/6c96328e92e625fc31445d24d75a2c92ef9ba34fc5b037fe69693c362a0d/configparser-3.7.4-py2.py3-none-any.whl
Collecting contextlib2; python_version < "3" (from importlib-metadata>=0.12->pytest->-r requirements.txt (line 4))
  Downloading https://files.pythonhosted.org/packages/a2/71/8273a7eeed0aff6a854237ab5453bc9aa67deb49df4832801c21f0ff3782/contextlib2-0.5.5-py2.py3-none-any.whl
Collecting scandir; python_version < "3.5" (from pathlib2>=2.2.0; python_version < "3.6"->pytest->-r requirements.txt (line 4))
  Downloading https://files.pythonhosted.org/packages/df/f5/9c052db7bd54d0cbf1bc0bb6554362bba1012d03e5888950a4f5c5dadc4e/scandir-1.10.0.tar.gz
Building wheels for collected packages: mysql-python, SQLAlchemy, scandir
  Building wheel for mysql-python (setup.py): started
  Building wheel for mysql-python (setup.py): finished with status 'error'
[91m  ERROR: Complete output from command /usr/local/bin/python -u -c 'import setuptools, tokenize;__file__='"'"'/tmp/pip-install-JdrUwP/mysql-python/setup.py'"'"';f=getattr(tokenize, '"'"'open'"'"', open)(__file__);code=f.read().replace('"'"'\r\n'"'"', '"'"'\n'"'"');f.close();exec(compile(code, __file__, '"'"'exec'"'"'))' bdist_wheel -d /tmp/pip-wheel-JgKOX8 --python-tag cp27:
[0m[91m  ERROR: running bdist_wheel
  running build
  running build_py
  creating build
  creating build/lib.linux-x86_64-2.7
  copying _mysql_exceptions.py -> build/lib.linux-x86_64-2.7
  creating build/lib.linux-x86_64-2.7/MySQLdb
  copying MySQLdb/__init__.py -> build/lib.linux-x86_64-2.7/MySQLdb
  copying MySQLdb/converters.py -> build/lib.linux-x86_64-2.7/MySQLdb
  copying MySQLdb/connections.py -> build/lib.linux-x86_64-2.7/MySQLdb
  copying MySQLdb/cursors.py -> build/lib.linux-x86_64-2.7/MySQLdb
  copying MySQLdb/release.py -> build/lib.linux-x86_64-2.7/MySQLdb
  copying MySQLdb/times.py -> build/lib.linux-x86_64-2.7/MySQLdb
  creating build/lib.linux-x86_64-2.7/MySQLdb/constants
  copying MySQLdb/constants/__init__.py -> build/lib.linux-x86_64-2.7/MySQLdb/constants
  copying MySQLdb/constants/CR.py -> build/lib.linux-x86_64-2.7/MySQLdb/constants
  copying MySQLdb/constants/FIELD_TYPE.py -> build/lib.linux-x86_64-2.7/MySQLdb/constants
  copying MySQLdb/constants/ER.py -> build/lib.linux-x86_64-2.7/MySQLdb/constants
  copying MySQLdb/constants/FLAG.py -> build/lib.linux-x86_64-2.7/MySQLdb/constants
  copying MySQLdb/constants/REFRESH.py -> build/lib.linux-x86_64-2.7/MySQLdb/constants
  copying MySQLdb/constants/CLIENT.py -> build/lib.linux-x86_64-2.7/MySQLdb/constants
  running build_ext
  building '_mysql' extension
  creating build/temp.linux-x86_64-2.7
  gcc -pthread -fno-strict-aliasing -g -O2 -DNDEBUG -g -fwrapv -O3 -Wall -Wstrict-prototypes -fPIC -Dversion_info=(1,2,5,'final',1) -D__version__=1.2.5 -I/usr/include/mariadb -I/usr/include/mariadb/mysql -I/usr/local/include/python2.7 -c _mysql.c -o build/temp.linux-x86_64-2.7/_mysql.o
  In file included from _mysql.c:44:
  /usr/include/mariadb/my_config.h:3:2: warning: #warning This file should not be included by clients, include only <mysql.h> [-Wcpp]
   #warning This file should not be included by clients, include only <mysql.h>
    ^~~~~~~
  In file included from _mysql.c:46:
  /usr/include/mariadb/mysql.h:440:3: warning: function declaration isnâ€™t a prototype [-Wstrict-prototypes]
     MYSQL_CLIENT_PLUGIN_HEADER
     ^~~~~~~~~~~~~~~~~~~~~~~~~~
  _mysql.c: In function â€˜_mysql_ConnectionObject_pingâ€™:
  _mysql.c:2005:41: error: â€˜MYSQLâ€™ {aka â€˜struct st_mysqlâ€™} has no member named â€˜reconnectâ€™
    if ( reconnect != -1 ) self->connection.reconnect = reconnect;
                                           ^
  error: command 'gcc' failed with exit status 1
  ----------------------------------------
[0m[91m  ERROR: Failed building wheel for mysql-python
[0m  Running setup.py clean for mysql-python
  Building wheel for SQLAlchemy (setup.py): started
  Building wheel for SQLAlchemy (setup.py): finished with status 'done'
  Stored in directory: /root/.cache/pip/wheels/f4/74/97/23789e1e541fb3d64dc9a921a676539695b3d184cf77f5b009
  Building wheel for scandir (setup.py): started
  Building wheel for scandir (setup.py): finished with status 'done'
  Stored in directory: /root/.cache/pip/wheels/91/95/75/19c98a91239878abbc7c59970abd3b4e0438a7dd5b61778335
Successfully built SQLAlchemy scandir
Failed to build mysql-python
Installing collected packages: click, Werkzeug, itsdangerous, MarkupSafe, Jinja2, flask, SQLAlchemy, flask-sqlalchemy, mysql-python, funcsigs, py, pyparsing, six, packaging, zipp, configparser, contextlib2, scandir, pathlib2, importlib-metadata, pluggy, atomicwrites, wcwidth, more-itertools, attrs, pytest, Redis
  Running setup.py install for mysql-python: started
    Running setup.py install for mysql-python: finished with status 'error'
[91m    ERROR: Complete output from command /usr/local/bin/python -u -c 'import setuptools, tokenize;__file__='"'"'/tmp/pip-install-JdrUwP/mysql-python/setup.py'"'"';f=getattr(tokenize, '"'"'open'"'"', open)(__file__);code=f.read().replace('"'"'\r\n'"'"', '"'"'\n'"'"');f.close();exec(compile(code, __file__, '"'"'exec'"'"'))' install --record /tmp/pip-record-Pxq8tT/install-record.txt --single-version-externally-managed --compile:
[0m[91m    ERROR: running install
    running build
    running build_py
    creating build
    creating build/lib.linux-x86_64-2.7
    copying _mysql_exceptions.py -> build/lib.linux-x86_64-2.7
    creating build/lib.linux-x86_64-2.7/MySQLdb
    copying MySQLdb/__init__.py -> build/lib.linux-x86_64-2.7/MySQLdb
    copying MySQLdb/converters.py -> build/lib.linux-x86_64-2.7/MySQLdb
    copying MySQLdb/connections.py -> build/lib.linux-x86_64-2.7/MySQLdb
    copying MySQLdb/cursors.py -> build/lib.linux-x86_64-2.7/MySQLdb
    copying MySQLdb/release.py -> build/lib.linux-x86_64-2.7/MySQLdb
    copying MySQLdb/times.py -> build/lib.linux-x86_64-2.7/MySQLdb
    creating build/lib.linux-x86_64-2.7/MySQLdb/constants
    copying MySQLdb/constants/__init__.py -> build/lib.linux-x86_64-2.7/MySQLdb/constants
    copying MySQLdb/constants/CR.py -> build/lib.linux-x86_64-2.7/MySQLdb/constants
    copying MySQLdb/constants/FIELD_TYPE.py -> build/lib.linux-x86_64-2.7/MySQLdb/constants
    copying MySQLdb/constants/ER.py -> build/lib.linux-x86_64-2.7/MySQLdb/constants
    copying MySQLdb/constants/FLAG.py -> build/lib.linux-x86_64-2.7/MySQLdb/constants
    copying MySQLdb/constants/REFRESH.py -> build/lib.linux-x86_64-2.7/MySQLdb/constants
    copying MySQLdb/constants/CLIENT.py -> build/lib.linux-x86_64-2.7/MySQLdb/constants
    running build_ext
    building '_mysql' extension
    creating build/temp.linux-x86_64-2.7
    gcc -pthread -fno-strict-aliasing -g -O2 -DNDEBUG -g -fwrapv -O3 -Wall -Wstrict-prototypes -fPIC -Dversion_info=(1,2,5,'final',1) -D__version__=1.2.5 -I/usr/include/mariadb -I/usr/include/mariadb/mysql -I/usr/local/include/python2.7 -c _mysql.c -o build/temp.linux-x86_64-2.7/_mysql.o
    In file included from _mysql.c:44:
    /usr/include/mariadb/my_config.h:3:2: warning: #warning This file should not be included by clients, include only <mysql.h> [-Wcpp]
     #warning This file should not be included by clients, include only <mysql.h>
      ^~~~~~~
    In file included from _mysql.c:46:
    /usr/include/mariadb/mysql.h:440:3: warning: function declaration isnâ€™t a prototype [-Wstrict-prototypes]
       MYSQL_CLIENT_PLUGIN_HEADER
       ^~~~~~~~~~~~~~~~~~~~~~~~~~
    _mysql.c: In function â€˜_mysql_ConnectionObject_pingâ€™:
    _mysql.c:2005:41: error: â€˜MYSQLâ€™ {aka â€˜struct st_mysqlâ€™} has no member named â€˜reconnectâ€™
      if ( reconnect != -1 ) self->connection.reconnect = reconnect;
                                             ^
    error: command 'gcc' failed with exit status 1
    ----------------------------------------
[0m[91mERROR: Command "/usr/local/bin/python -u -c 'import setuptools, tokenize;__file__='"'"'/tmp/pip-install-JdrUwP/mysql-python/setup.py'"'"';f=getattr(tokenize, '"'"'open'"'"', open)(__file__);code=f.read().replace('"'"'\r\n'"'"', '"'"'\n'"'"');f.close();exec(compile(code, __file__, '"'"'exec'"'"'))' install --record /tmp/pip-record-Pxq8tT/install-record.txt --single-version-externally-managed --compile" failed with error code 1 in /tmp/pip-install-JdrUwP/mysql-python/
[0mService 'flask-app' failed to build: The command '/bin/sh -c pip install -r requirements.txt     && mkdir -p /var/opt/junit-report' returned a non-zero code: 1
[8mha:////4OWX7YB3dOq5m/Hnc9BFEmCmv+I8XBWU4NWcRH28AVsiAAAApB+LCAAAAAAAAP9tjTEOwjAQBC9BFLSUPOIigagQVVrLDS8wsTFOrDtjOyQVL+Jr/IFAJCq2WO1sM88XLFOEI0eLraHOUWocBt/baeHAsbt4HrDlMzZMib1BaQbJ2tQzSs4G5hQlLASsDDWekyObYS1adVeVV2SrU47TdxBQOn2DBxRiMmcV8xfGCJtrrxPTz/NXAGMIGcrt/lO7N+4u68W+AAAA[0m[Pipeline] }
[8mha:////4FRziXB1JgkgehgYswOL0WaEXFpFT3JQY0QkFXQhIT2wAAAApB+LCAAAAAAAAP9tjTESwiAURH/iWNhaeggyk8LGsbJlaDwBJogQ5n8CRFJ5Iq/mHUQzY+UWO/u2ec8XrGOAIwXNrMLBYOwM827SZbFMYbg6yszShXWEkZxiQmVBvTotKCgpWFLVsOKwUdg5igZ1gi238i4bJ1E35xTKd+BQm36EB1S8mJMM6QtzgN1t6iPhz/NXALP3Cep2/6n2DdZseDS+AAAA[0m[Pipeline] // dir
[8mha:////4PwkA36JtjtxjzIRBsJBmzDZ57ngIjrZzdPexPZ+eCvEAAAApB+LCAAAAAAAAP9tjTEOwjAQBC9BFLSUPOIiaCgQVVrLDS8wsTFOrDtjOyQVL+Jr/IFAJCq2WO1sM88XLFOEI0eLraHOUWocBt/baeHAsbt4HrDlMzZMib1BaQbJ2tQzSs4G5hQlLASsDDWekyObYS1adVeVV2SrU47TdxBQOn2DBxRiMmcV8xfGCJtrrxPTz/NXAGMIGcrd/lPbN8nuLWa+AAAA[0m[Pipeline] }
[8mha:////4PpZGDm4IcTrjTdLGZUQ6at3brWqU+4qBvO0UcziKdqLAAAApB+LCAAAAAAAAP9tjTEOwjAQBC9BFLSUPOKCqJAQVVrLDS8wsTFOrDtjOyQVL+Jr/IFAJCq2WO1sM88XLFOEI0eLraHOUWocBt/baeHAsbt4HrDlMzZMib1BaQbJ2tQzSs4G5hQlLASsDDWekyObYS1adVeVV2SrU47TdxBQOn2DBxRiMmcV8xfGCJtrrxPTz/NXAGMIGcrd/lPbN4psfOC+AAAA[0m[Pipeline] // stage
[8mha:////4O9AvjKlcH7wolVCfnkda1wD75OYkcFXEcXUMf7xYWzRAAAApB+LCAAAAAAAAP9tjTEOwjAQBC9BFLSUPOKi0CFEldZKwwtMbIwT687YDknFi/gaf8AiEhVbrHa2mdcb1jHAiYPBXtNgKXYWvRtNXjhxGK6OJ+z5gh1TZKex1VPLSjcLtpw0LClKWAnYaOocR0smwVb08iErJ8lU5xTydxRQWnWHJxQim5MM6QtzgN1tVJHp5/krgNn7BOX+kKuuP3rcCne+AAAA[0m[Pipeline] }
[8mha:////4CouGuDLoPtiEFf4Sge+4suSp0mj1e6rNSkhIoGFnaSjAAAApB+LCAAAAAAAAP9tjTEOwjAQBC9BFLSUPOISRImo0lppeIGJjXFi3RnbIal4EV/jD1hEomKL1c4283rDOgY4cTDYaxosxc6id6PJCycOw9XxhD1fsGOK7DS2empZ6WbBlpOGJUUJKwEbTZ3jaMkk2IpePmTlJJnqnEL+jgJKq+7whEJkc5IhfWEOsLuNKjL9PH8FMHufoDzUufb1B5C2dYG+AAAA[0m[Pipeline] // withEnv
[8mha:////4J6Xl7F1e01z8zu0RM6ULJ5oS9zQskobeZ0ZAPuE02HSAAAAox+LCAAAAAAAAP9tjTEOwjAQBDdBFLSUPMIRgg5R0VppeIFJjHFi3QX7QlLxIr7GH4iIRMVWO9PM641lijhydKqx1HpKlVdd6N301MCxvQYeVMMXVTElDlaVdii5tqcZSxaLeVmOhcbKUhU4eXKCtW7MwxTBkCvOEid30Mh9fccTmZ7KYqJ8YYzY3Po6Mf06fwMYu06Q77aCbP8BPqPtor0AAAA=[0m[Pipeline] }
Terminated
[8mha:////4AA07xjViXGHyNmKINdz6+gTtddON6lUV+V28jf9bwMCAAAAoh+LCAAAAAAAAP9tjbEOgjAURS8YB1dHP6IkMhon14bFL6hQa6F5D9uHMPlF/pr/IJHEyTvdc5bzemOdIo4cnWotdZ5S7VUfBjc/NXLsroFH1fJF1UyJg1WVHStu7GnBisViWZZjpbGxVAdOnpxgq1vzMEUw5IqzxNkdNHLf3PFEpueymChfmCJ2t6FJTL/O3wCmvhfk5V6QlR9NTCl7vQAAAA==[0m[Pipeline] // node
[8mha:////4NXoBdrNFeJRxmtnmHNfg8x/NRyAOv2iNwlfD0b/J1hXAAAAoh+LCAAAAAAAAP9tjbEOgjAURS8YB1dHP6IkMhon14bFL6hQa6F5D9uHMPlF/pr/IJHEyTvdc5bzemOdIo4cnWotdZ5S7VUfBjc/NXLsroFH1fJF1UyJg1WVHStu7GnBisViWZZjpbGxVAdOnpxgq1vzMEUw5IqzxNkdNHLf3PFEpueymChfmCJ2t6FJTL/O3wCmvhfkZSnI9h9rVU4xvQAAAA==[0m[Pipeline] End of Pipeline

GitHub has been notified of this commitâ€™s build result

ERROR: script returned exit code 1
Finished: FAILURE
